<?xml version="1.0" encoding="UTF-8"?>
<!-- Generated by org.testng.reporters.JUnitReportReporter -->
<testsuite hostname="windows" failures="0" tests="1" name="testNG.test" time="14.123" errors="0" timestamp="2020-06-03T14:12:55 GMT" skipped="0">
  <testcase classname="testNG.test" name="verify" time="14.123"/>
</testsuite> <!-- testNG.test -->
